<?xml version="1.0" encoding="UTF-8"?>
<testng-results ignored="0" total="1" passed="1" failed="0" skipped="0">
  <reporter-output>
  </reporter-output>
  <suite started-at="2024-09-10T21:02:18 IST" name="Default suite" finished-at="2024-09-10T21:02:18 IST" duration-ms="144">
    <groups>
    </groups>
    <test started-at="2024-09-10T21:02:18 IST" name="Default test" finished-at="2024-09-10T21:02:18 IST" duration-ms="144">
      <class name="testNG.DemoTest">
        <test-method signature="dTest()[pri:0, instance:testNG.DemoTest@6379eb]" started-at="2024-09-10T21:02:18 IST" name="dTest" finished-at="2024-09-10T21:02:18 IST" duration-ms="28" status="PASS">
          <reporter-output>
          </reporter-output>
        </test-method> <!-- dTest -->
      </class> <!-- testNG.DemoTest -->
    </test> <!-- Default test -->
  </suite> <!-- Default suite -->
</testng-results>
